2026-05-26 10:54:24,845 INFO test: first entry
2026-05-26 10:54:24,846 INFO test: second entry
2026-05-26 13:07:28,449 INFO app.workspace.watcher: Initializing polling watcher...
2026-05-26 13:07:28,450 INFO app.workspace.watcher: Watching directory: C:\Users\chodk\openscad-engineering-platform\workspace\uploads
2026-05-26 13:07:28,451 INFO app.workspace.watcher: Polling watcher started
2026-05-26 13:12:33,188 INFO app.workspace.watcher: Stopping watcher
2026-05-26 13:12:35,287 INFO app.workspace.watcher: Initializing polling watcher...
2026-05-26 13:12:35,288 INFO app.workspace.watcher: Watching directory: C:\Users\chodk\openscad-engineering-platform\workspace\uploads
2026-05-26 13:12:35,289 INFO app.workspace.watcher: Polling watcher started
2026-05-26 13:12:52,503 INFO app.workspace.watcher: New file detected: workspace\uploads\example_machine.yaml
2026-05-26 13:12:52,503 INFO app.workspace.ingestion: Ingesting file: workspace\uploads\example_machine.yaml
2026-05-26 13:12:52,505 INFO app.importers.yaml_importer: Loading YAML: workspace\uploads\example_machine.yaml
2026-05-26 13:12:52,506 INFO app.importers.yaml_importer: Parsed YAML: {'machine': {'name': 'compression_line_v1', 'frame': {'length': 1400, 'width': 700, 'height': 900, 'profile': 40}, 'roller': {'diameter': 240, 'width': 700, 'shaft': 50, 'material': 'stainless_316'}, 'hopper': {'top_width': 500, 'bottom_width': 150, 'height': 350, 'wall': 4, 'material': 'stainless_304'}}}
2026-05-26 13:12:52,507 INFO app.importers.yaml_importer: Normalized machine 'compression_line_v1' (components: ['frame', 'hopper', 'roller'])
2026-05-26 13:12:52,516 INFO app.cad.generator: Generated assembly 'compression_line_v1' with components: ['frame', 'hopper', 'roller']
2026-05-26 13:13:02,019 INFO app.cad.renderer: Render complete: stl=C:\Users\chodk\openscad-engineering-platform\outputs\STL\assembly.stl png=C:\Users\chodk\openscad-engineering-platform\outputs\IMAGES\assembly.png
2026-05-26 13:13:02,020 INFO app.bom.generator: Generating manufacturing Bill of Materials spreadsheet...
2026-05-26 13:13:02,022 INFO app.bom.generator: BOM spreadsheet successfully saved to: outputs\BOM\assembly_bom.csv
2026-05-26 13:13:02,023 INFO app.importers.yaml_importer: Build result: {'status': 'success', 'assembly': 'C:\\Users\\chodk\\openscad-engineering-platform\\outputs\\SCAD\\assembly.scad', 'components': {'roller': 'C:\\Users\\chodk\\openscad-engineering-platform\\outputs\\SCAD\\roller.scad', 'hopper': 'C:\\Users\\chodk\\openscad-engineering-platform\\outputs\\SCAD\\hopper.scad', 'frame': 'C:\\Users\\chodk\\openscad-engineering-platform\\outputs\\SCAD\\frame.scad'}}
2026-05-26 13:13:02,026 INFO app.workspace.ingestion: Moved to processing: example_machine.yaml
2026-05-26 14:26:39,508 INFO app.workspace.watcher: New file detected: workspace\uploads\htds_p2.md
2026-05-26 14:26:39,513 INFO app.workspace.ingestion: Ingesting file: workspace\uploads\htds_p2.md
2026-05-26 14:26:39,516 WARNING app.workspace.ingestion: Unsupported file type: .md
2026-05-26 14:26:39,518 INFO app.workspace.ingestion: Moved to processing: htds_p2.md
2026-05-26 14:27:41,419 INFO app.workspace.watcher: Stopping watcher
2026-05-26 14:27:44,397 INFO app.workspace.watcher: Initializing polling watcher...
2026-05-26 14:27:44,398 INFO app.workspace.watcher: Watching directory: C:\Users\chodk\openscad-engineering-platform\workspace\uploads
2026-05-26 14:27:44,400 INFO app.workspace.watcher: Polling watcher started
2026-05-26 14:27:54,505 INFO app.workspace.watcher: New file detected: workspace\uploads\htds_p2.md
2026-05-26 14:27:54,505 INFO app.workspace.ingestion: Ingesting file: workspace\uploads\htds_p2.md
2026-05-26 14:27:54,506 WARNING app.workspace.ingestion: Unsupported file type: .md
2026-05-26 14:27:54,509 INFO app.workspace.ingestion: Moved to processing: htds_p2.md
2026-05-26 14:30:24,210 INFO app.workspace.watcher: Stopping watcher
2026-05-26 14:30:56,447 INFO app.workspace.watcher: Initializing polling watcher...
2026-05-26 14:30:56,448 INFO app.workspace.watcher: Watching directory: C:\Users\chodk\openscad-engineering-platform\workspace\uploads
2026-05-26 14:30:56,449 INFO app.workspace.watcher: Polling watcher started
2026-05-26 14:31:12,644 INFO app.workspace.watcher: New file detected: workspace\uploads\htds_p2.md
2026-05-26 14:31:12,645 ERROR app.workspace.watcher: Failed processing: workspace\uploads\htds_p2.md
Traceback (most recent call last):
  File "C:\Users\chodk\openscad-engineering-platform\app\workspace\watcher.py", line 30, in on_created
    ingest_file(file_path)
TypeError: ingest_file() missing 1 required positional argument: 'processing_dir'
2026-05-26 14:32:47,518 INFO app.workspace.watcher: Stopping watcher
2026-05-26 14:32:49,879 INFO app.workspace.watcher: Initializing polling watcher...
2026-05-26 14:32:49,880 INFO app.workspace.watcher: Watching directory: C:\Users\chodk\openscad-engineering-platform\workspace\uploads
2026-05-26 14:32:49,882 INFO app.workspace.watcher: Polling watcher started
2026-05-26 14:40:13,518 INFO app.workspace.watcher: New file detected: workspace\uploads\htds_p2_live.md
2026-05-26 14:40:13,518 INFO app.workspace.ingestion: Ingesting file: workspace\uploads\htds_p2_live.md
2026-05-26 14:40:13,522 INFO app.importers.markdown_importer: Loading Markdown specification: workspace\uploads\htds_p2_live.md
2026-05-26 14:40:13,524 INFO app.importers.markdown_importer: Parsed markdown spec with systems: ['machine', 'roller', 'hopper', 'frame']
2026-05-26 14:40:13,536 INFO app.cad.generator: Generated assembly 'machine' with components: ['frame', 'hopper', 'roller']
2026-05-26 14:40:22,466 INFO app.cad.renderer: Render complete: stl=C:\Users\chodk\openscad-engineering-platform\outputs\STL\assembly.stl png=C:\Users\chodk\openscad-engineering-platform\outputs\IMAGES\assembly.png
2026-05-26 14:40:22,467 INFO app.bom.generator: Generating manufacturing Bill of Materials spreadsheet...
2026-05-26 14:40:22,470 INFO app.bom.generator: BOM spreadsheet saved to outputs\BOM\assembly_bom.csv (parts=3, total=186.1 kg, AUD 837.50)
2026-05-26 14:40:22,473 INFO app.workspace.ingestion: Moved to processing: htds_p2_live.md
2026-05-26 14:44:55,767 INFO app.workspace.watcher: Stopping watcher
2026-05-26 14:45:00,104 INFO app.workspace.watcher: Initializing polling watcher...
2026-05-26 14:45:00,105 INFO app.workspace.watcher: Watching directory: C:\Users\chodk\openscad-engineering-platform\workspace\uploads
2026-05-26 14:45:00,108 INFO app.workspace.watcher: Polling watcher started
2026-05-26 14:45:08,189 INFO app.workspace.watcher: New file detected: workspace\uploads\htds_p2_final.md
2026-05-26 14:45:08,189 INFO app.workspace.ingestion: Ingesting file: workspace\uploads\htds_p2_final.md
2026-05-26 14:45:08,195 INFO app.importers.markdown_importer: Loading industrial specification pack: workspace\uploads\htds_p2_final.md
2026-05-26 14:45:08,195 INFO app.importers.markdown_importer: Successfully processed spec pack HTDS_P2-FAB-REV-A for orchestration loop
2026-05-26 14:45:08,215 INFO app.cad.generator: Generated assembly 'machine' with components: ['frame', 'hopper', 'roller']
2026-05-26 14:45:19,086 INFO app.cad.renderer: Render complete: stl=C:\Users\chodk\openscad-engineering-platform\outputs\STL\assembly.stl png=C:\Users\chodk\openscad-engineering-platform\outputs\IMAGES\assembly.png
2026-05-26 14:45:19,089 INFO app.core.orchestrator: Compiling isolated asset layer: roller
2026-05-26 14:45:22,314 INFO app.cad.renderer: Render complete: stl=C:\Users\chodk\openscad-engineering-platform\outputs\STL\roller.stl png=C:\Users\chodk\openscad-engineering-platform\outputs\IMAGES\roller.png
2026-05-26 14:45:22,315 INFO app.core.orchestrator: Compiling isolated asset layer: hopper
2026-05-26 14:45:23,283 INFO app.cad.renderer: Render complete: stl=C:\Users\chodk\openscad-engineering-platform\outputs\STL\hopper.stl png=C:\Users\chodk\openscad-engineering-platform\outputs\IMAGES\hopper.png
2026-05-26 14:45:23,284 INFO app.core.orchestrator: Compiling isolated asset layer: frame
2026-05-26 14:45:25,246 INFO app.cad.renderer: Render complete: stl=C:\Users\chodk\openscad-engineering-platform\outputs\STL\frame.stl png=C:\Users\chodk\openscad-engineering-platform\outputs\IMAGES\frame.png
2026-05-26 14:45:25,248 INFO app.bom.generator: BOM spreadsheet saved to outputs\BOM\HTDS_P2-FAB-REV-A_bom.csv (total=6550.0 kg, AUD $80145.00)
2026-05-26 14:45:25,250 INFO app.core.dashboard: Live HTML control dashboard generated successfully at: outputs\index.html
2026-05-26 14:45:25,253 INFO app.workspace.ingestion: Moved to processing: htds_p2_final.md
2026-05-26 14:56:11,249 INFO app.workspace.watcher: New file detected: workspace\uploads\htds_p2_constraints.md
2026-05-26 14:56:11,249 INFO app.workspace.ingestion: Ingesting file: workspace\uploads\htds_p2_constraints.md
2026-05-26 14:56:11,250 INFO app.importers.markdown_importer: Loading industrial specification pack: workspace\uploads\htds_p2_constraints.md
2026-05-26 14:56:11,250 INFO app.importers.markdown_importer: Successfully processed spec pack HTDS_P2-FAB-REV-B for orchestration loop
2026-05-26 14:56:11,260 INFO app.cad.generator: Generated assembly 'machine' with components: ['frame', 'hopper', 'roller']
2026-05-26 14:56:19,427 INFO app.workspace.watcher: Stopping watcher
2026-05-26 14:56:19,490 ERROR app.cad.renderer: Render failed
Traceback (most recent call last):
  File "C:\Users\chodk\openscad-engineering-platform\app\cad\renderer.py", line 62, in render_stl
    subprocess.run(png_cmd, check=True, timeout=timeout)
  File "C:\Users\chodk\AppData\Local\Programs\Python\Python311\Lib\subprocess.py", line 571, in run
    raise CalledProcessError(retcode, process.args,
subprocess.CalledProcessError: Command '['openscad', '-o', 'C:\\Users\\chodk\\openscad-engineering-platform\\outputs\\IMAGES\\assembly.png', '--imgsize=1920,1440', '--render', '--projection=perspective', 'C:\\Users\\chodk\\openscad-engineering-platform\\outputs\\SCAD\\assembly.scad']' returned non-zero exit status 3221225786.
2026-05-26 14:56:19,496 ERROR app.core.orchestrator: Heavy Industrial Assembly build failed
Traceback (most recent call last):
  File "C:\Users\chodk\openscad-engineering-platform\app\core\orchestrator.py", line 41, in generate_machine
    render_stl(assembly_path)
  File "C:\Users\chodk\openscad-engineering-platform\app\cad\renderer.py", line 62, in render_stl
    subprocess.run(png_cmd, check=True, timeout=timeout)
  File "C:\Users\chodk\AppData\Local\Programs\Python\Python311\Lib\subprocess.py", line 571, in run
    raise CalledProcessError(retcode, process.args,
subprocess.CalledProcessError: Command '['openscad', '-o', 'C:\\Users\\chodk\\openscad-engineering-platform\\outputs\\IMAGES\\assembly.png', '--imgsize=1920,1440', '--render', '--projection=perspective', 'C:\\Users\\chodk\\openscad-engineering-platform\\outputs\\SCAD\\assembly.scad']' returned non-zero exit status 3221225786.
2026-05-26 14:56:19,524 ERROR app.workspace.ingestion: Ingestion pipeline failed for htds_p2_constraints.md: Command '['openscad', '-o', 'C:\\Users\\chodk\\openscad-engineering-platform\\outputs\\IMAGES\\assembly.png', '--imgsize=1920,1440', '--render', '--projection=perspective', 'C:\\Users\\chodk\\openscad-engineering-platform\\outputs\\SCAD\\assembly.scad']' returned non-zero exit status 3221225786.
Traceback (most recent call last):
  File "C:\Users\chodk\openscad-engineering-platform\app\workspace\ingestion.py", line 28, in ingest_file
    import_markdown(file_path)
  File "C:\Users\chodk\openscad-engineering-platform\app\importers\markdown_importer.py", line 61, in import_markdown
    return agent.generate_machine(machine_config)
           ^^^^^^^^^^^^^^^^^^^^^^^^^^^^^^^^^^^^^^
  File "C:\Users\chodk\openscad-engineering-platform\app\core\orchestrator.py", line 41, in generate_machine
    render_stl(assembly_path)
  File "C:\Users\chodk\openscad-engineering-platform\app\cad\renderer.py", line 62, in render_stl
    subprocess.run(png_cmd, check=True, timeout=timeout)
  File "C:\Users\chodk\AppData\Local\Programs\Python\Python311\Lib\subprocess.py", line 571, in run
    raise CalledProcessError(retcode, process.args,
subprocess.CalledProcessError: Command '['openscad', '-o', 'C:\\Users\\chodk\\openscad-engineering-platform\\outputs\\IMAGES\\assembly.png', '--imgsize=1920,1440', '--render', '--projection=perspective', 'C:\\Users\\chodk\\openscad-engineering-platform\\outputs\\SCAD\\assembly.scad']' returned non-zero exit status 3221225786.
2026-05-26 14:56:19,528 INFO app.workspace.ingestion: Moved to processing: htds_p2_constraints.md
2026-05-26 14:56:21,693 INFO app.workspace.watcher: Initializing polling watcher...
2026-05-26 14:56:21,694 INFO app.workspace.watcher: Watching directory: C:\Users\chodk\openscad-engineering-platform\workspace\uploads
2026-05-26 14:56:21,695 INFO app.workspace.watcher: Polling watcher started
2026-05-26 14:56:34,847 INFO app.workspace.watcher: New file detected: workspace\uploads\htds_p2_constraints.md
2026-05-26 14:56:34,848 INFO app.workspace.ingestion: Ingesting file: workspace\uploads\htds_p2_constraints.md
2026-05-26 14:56:34,850 INFO app.importers.markdown_importer: Loading industrial specification pack: workspace\uploads\htds_p2_constraints.md
2026-05-26 14:56:34,852 INFO app.importers.markdown_importer: Successfully processed spec pack HTDS_P2-FAB-REV-B for orchestration loop
2026-05-26 14:56:34,863 INFO app.cad.generator: Generated assembly 'machine' with components: ['frame', 'hopper', 'roller']
2026-05-26 14:56:42,998 INFO app.cad.renderer: Render complete: stl=C:\Users\chodk\openscad-engineering-platform\outputs\STL\assembly.stl png=C:\Users\chodk\openscad-engineering-platform\outputs\IMAGES\assembly.png
2026-05-26 14:56:43,001 INFO app.core.orchestrator: Compiling isolated asset layer: roller
2026-05-26 14:56:45,825 INFO app.cad.renderer: Render complete: stl=C:\Users\chodk\openscad-engineering-platform\outputs\STL\roller.stl png=C:\Users\chodk\openscad-engineering-platform\outputs\IMAGES\roller.png
2026-05-26 14:56:45,825 INFO app.core.orchestrator: Compiling isolated asset layer: hopper
2026-05-26 14:56:46,676 INFO app.cad.renderer: Render complete: stl=C:\Users\chodk\openscad-engineering-platform\outputs\STL\hopper.stl png=C:\Users\chodk\openscad-engineering-platform\outputs\IMAGES\hopper.png
2026-05-26 14:56:46,676 INFO app.core.orchestrator: Compiling isolated asset layer: frame
2026-05-26 14:56:48,284 INFO app.cad.renderer: Render complete: stl=C:\Users\chodk\openscad-engineering-platform\outputs\STL\frame.stl png=C:\Users\chodk\openscad-engineering-platform\outputs\IMAGES\frame.png
2026-05-26 14:56:48,290 INFO app.bom.generator: BOM spreadsheet saved to outputs\BOM\HTDS_P2-FAB-REV-B_bom.csv (total=3550.0 kg, AUD $44745.00)
2026-05-26 14:56:48,291 INFO app.core.dashboard: Live HTML control dashboard generated successfully at: outputs\index.html
2026-05-26 14:56:48,294 INFO app.workspace.ingestion: Moved to processing: htds_p2_constraints.md
2026-05-26 14:59:47,067 INFO app.workspace.watcher: Stopping watcher
2026-05-26 14:59:49,666 INFO app.workspace.watcher: Initializing polling watcher...
2026-05-26 14:59:49,667 INFO app.workspace.watcher: Watching directory: C:\Users\chodk\openscad-engineering-platform\workspace\uploads
2026-05-26 14:59:49,668 INFO app.workspace.watcher: Polling watcher started
2026-05-26 14:59:55,721 INFO app.workspace.watcher: New file detected: workspace\uploads\htds_p2_constraints.md
2026-05-26 14:59:55,721 INFO app.workspace.ingestion: Ingesting file: workspace\uploads\htds_p2_constraints.md
2026-05-26 14:59:55,725 INFO app.importers.markdown_importer: Loading industrial specification pack: workspace\uploads\htds_p2_constraints.md
2026-05-26 14:59:55,726 INFO app.importers.markdown_importer: Successfully processed spec pack HTDS_P2-FAB-REV-B for orchestration loop
2026-05-26 14:59:55,738 INFO app.cad.generator: Generated HTDS-P2 assembly 'HTDS-P2' with components: ['compression_rollers', 'frame']
2026-05-26 14:59:58,596 INFO app.cad.renderer: Render complete: stl=C:\Users\chodk\openscad-engineering-platform\outputs\STL\assembly.stl png=C:\Users\chodk\openscad-engineering-platform\outputs\IMAGES\assembly.png
2026-05-26 14:59:58,605 INFO app.core.orchestrator: Compiling isolated asset layer: frame
2026-05-26 14:59:59,868 INFO app.cad.renderer: Render complete: stl=C:\Users\chodk\openscad-engineering-platform\outputs\STL\frame.stl png=C:\Users\chodk\openscad-engineering-platform\outputs\IMAGES\frame.png
2026-05-26 14:59:59,868 INFO app.core.orchestrator: Compiling isolated asset layer: compression_rollers
2026-05-26 15:00:00,663 INFO app.cad.renderer: Render complete: stl=C:\Users\chodk\openscad-engineering-platform\outputs\STL\compression_roller.stl png=C:\Users\chodk\openscad-engineering-platform\outputs\IMAGES\compression_roller.png
2026-05-26 15:00:00,665 INFO app.bom.generator: BOM spreadsheet saved to outputs\BOM\HTDS_P2-FAB-REV-B_bom.csv (total=8000.0 kg, AUD $106535.00)
2026-05-26 15:00:00,667 INFO app.core.dashboard: Live HTML control dashboard generated successfully at: outputs\index.html
2026-05-26 15:00:00,679 INFO app.workspace.ingestion: Moved to processing: htds_p2_constraints.md
2026-05-26 15:01:36,787 INFO app.workspace.watcher: New file detected: workspace\uploads\htds_p2_danger.md
2026-05-26 15:01:36,787 INFO app.workspace.ingestion: Ingesting file: workspace\uploads\htds_p2_danger.md
2026-05-26 15:01:36,788 INFO app.importers.markdown_importer: Loading industrial specification pack: workspace\uploads\htds_p2_danger.md
2026-05-26 15:01:36,788 INFO app.importers.markdown_importer: Successfully processed spec pack HTDS_P2-CRITICAL-ERR-REV-C for orchestration loop
2026-05-26 15:01:36,804 INFO app.cad.generator: Generated HTDS-P2 assembly 'HTDS-P2' with components: ['compression_rollers', 'frame']
2026-05-26 15:01:41,876 INFO app.cad.renderer: Render complete: stl=C:\Users\chodk\openscad-engineering-platform\outputs\STL\assembly.stl png=C:\Users\chodk\openscad-engineering-platform\outputs\IMAGES\assembly.png
2026-05-26 15:01:41,886 INFO app.core.orchestrator: Compiling isolated asset layer: frame
2026-05-26 15:01:44,615 INFO app.cad.renderer: Render complete: stl=C:\Users\chodk\openscad-engineering-platform\outputs\STL\frame.stl png=C:\Users\chodk\openscad-engineering-platform\outputs\IMAGES\frame.png
2026-05-26 15:01:44,616 INFO app.core.orchestrator: Compiling isolated asset layer: compression_rollers
2026-05-26 15:01:45,937 INFO app.cad.renderer: Render complete: stl=C:\Users\chodk\openscad-engineering-platform\outputs\STL\compression_roller.stl png=C:\Users\chodk\openscad-engineering-platform\outputs\IMAGES\compression_roller.png
2026-05-26 15:01:45,942 INFO app.bom.generator: BOM spreadsheet saved to outputs\BOM\HTDS_P2-CRITICAL-ERR-REV-C_bom.csv (total=8000.0 kg, AUD $106535.00)
2026-05-26 15:01:45,946 INFO app.core.dashboard: Live HTML control dashboard generated successfully at: outputs\index.html
2026-05-26 15:01:45,953 INFO app.workspace.ingestion: Moved to processing: htds_p2_danger.md
2026-06-06 20:07:47,526 INFO engine.events: REDIS_URL not set; using NullEventBus (events are no-op)
2026-06-06 20:07:47,533 INFO engine.workspace.watcher: Initializing polling watcher...
2026-06-06 20:07:47,533 INFO engine.workspace.watcher: Watching directory: C:\Users\chodk\openscad-engineering-platform\workspace\uploads
2026-06-06 20:07:47,533 INFO engine.workspace.watcher: Polling watcher started
2026-06-06 20:10:33,359 INFO engine.events: RedisEventBus connected at redis://127.0.0.1:6379
2026-06-06 20:10:33,359 INFO engine.workspace.watcher: Initializing polling watcher...
2026-06-06 20:10:33,361 INFO engine.workspace.watcher: Watching directory: C:\Users\chodk\openscad-engineering-platform\workspace\uploads
2026-06-06 20:10:33,365 INFO engine.workspace.watcher: Polling watcher started
2026-06-06 20:10:58,197 INFO engine.workspace.watcher: File created: workspace\uploads\machine_config.yaml
2026-06-06 20:10:58,197 INFO engine.workspace.ingestion: Ingesting file: workspace\uploads\machine_config.yaml
2026-06-06 20:10:58,197 INFO engine.importers.yaml_importer: Loading YAML: workspace\uploads\machine_config.yaml
2026-06-06 20:10:58,197 INFO engine.importers.yaml_importer: Parsed YAML: {'name': 'hemp_decorticator_v1', 'roller': {'length': 150, 'radius': 50}, 'hopper': {'capacity': 200}, 'frame': {'material': 'structural_steel'}}
2026-06-06 20:10:58,197 INFO engine.importers.yaml_importer: Normalized machine 'hemp_decorticator_v1' (subsystems: ['frame', 'hopper', 'roller'])
2026-06-06 20:10:58,197 ERROR engine.workspace.ingestion: Failed ingesting: workspace\uploads\machine_config.yaml
Traceback (most recent call last):
  File "C:\Users\chodk\openscad-engineering-platform\app\workspace\ingestion.py", line 88, in ingest_file
    import_yaml(file_path)
  File "C:\Users\chodk\openscad-engineering-platform\app\importers\yaml_importer.py", line 91, in import_yaml
    result = agent.generate_machine(machine)
             ^^^^^^^^^^^^^^^^^^^^^^
AttributeError: 'EngineeringOrchestrator' object has no attribute 'generate_machine'
2026-06-06 20:13:19,481 INFO engine.events: REDIS_URL not set; using NullEventBus (events are no-op)
2026-06-06 20:13:19,481 INFO engine.workspace.watcher: Initializing polling watcher...
2026-06-06 20:13:19,489 INFO engine.workspace.watcher: Watching directory: C:\Users\chodk\openscad-engineering-platform\workspace\uploads
2026-06-06 20:13:19,495 INFO engine.workspace.watcher: Polling watcher started
2026-06-06 20:15:46,718 INFO engine.workspace.watcher: Stopping watcher
2026-06-06 20:15:50,494 INFO engine.events: RedisEventBus connected at redis://127.0.0.1:6379
2026-06-06 20:15:50,495 INFO engine.workspace.watcher: Initializing polling watcher...
2026-06-06 20:15:50,496 INFO engine.workspace.watcher: Watching directory: C:\Users\chodk\openscad-engineering-platform\workspace\uploads
2026-06-06 20:15:50,498 INFO engine.workspace.watcher: Polling watcher started
2026-06-06 20:16:04,867 INFO engine.events: REDIS_URL not set; using NullEventBus (events are no-op)
2026-06-06 20:16:04,867 INFO engine.workspace.watcher: Initializing polling watcher...
2026-06-06 20:16:04,867 INFO engine.workspace.watcher: Watching directory: C:\Users\chodk\openscad-engineering-platform\workspace\uploads
2026-06-06 20:16:04,874 INFO engine.workspace.watcher: Polling watcher started
2026-06-06 20:22:05,807 INFO engine.workspace.watcher: File created: workspace\uploads\machine_config.yaml
2026-06-06 20:22:05,807 INFO engine.workspace.watcher: File created: workspace\uploads\machine_config.yaml
2026-06-06 20:22:05,808 INFO engine.workspace.ingestion: Ingesting file: workspace\uploads\machine_config.yaml
2026-06-06 20:22:05,808 INFO engine.workspace.ingestion: Ingesting file: workspace\uploads\machine_config.yaml
2026-06-06 20:22:05,811 INFO engine.importers.yaml_importer: Loading YAML: workspace\uploads\machine_config.yaml
2026-06-06 20:22:05,811 INFO engine.importers.yaml_importer: Loading YAML: workspace\uploads\machine_config.yaml
2026-06-06 20:22:05,814 INFO engine.importers.yaml_importer: Parsed YAML: {'name': 'hemp_decorticator_v1', 'roller': {'length': 150, 'radius': 50}, 'hopper': {'capacity': 200}, 'frame': {'material': 'structural_steel'}}
2026-06-06 20:22:05,815 INFO engine.importers.yaml_importer: Normalized machine 'hemp_decorticator_v1' (subsystems: ['frame', 'hopper', 'roller'])
2026-06-06 20:22:05,815 INFO engine.importers.yaml_importer: Parsed YAML: {'name': 'hemp_decorticator_v1', 'roller': {'length': 150, 'radius': 50}, 'hopper': {'capacity': 200}, 'frame': {'material': 'structural_steel'}}
2026-06-06 20:22:05,816 INFO engine.importers.yaml_importer: Normalized machine 'hemp_decorticator_v1' (subsystems: ['frame', 'hopper', 'roller'])
2026-06-06 20:22:05,818 ERROR engine.workspace.ingestion: Failed ingesting: workspace\uploads\machine_config.yaml
Traceback (most recent call last):
  File "C:\Users\chodk\openscad-engineering-platform\app\workspace\ingestion.py", line 88, in ingest_file
    import_yaml(file_path)
  File "C:\Users\chodk\openscad-engineering-platform\app\importers\yaml_importer.py", line 91, in import_yaml
    result = agent.run_machine_job(machine)
             ^^^^^^^^^^^^^^^^^^^^^^^^^^^^^^
TypeError: EngineeringOrchestrator.run_machine_job() missing 1 required positional argument: 'config'
2026-06-06 20:22:13,443 INFO engine.events: REDIS_URL not set; using NullEventBus (events are no-op)
2026-06-06 20:22:13,443 INFO engine.workspace.watcher: Initializing polling watcher...
2026-06-06 20:22:13,447 INFO engine.workspace.watcher: Watching directory: C:\Users\chodk\openscad-engineering-platform\workspace\uploads
2026-06-06 20:22:13,451 INFO engine.workspace.watcher: Polling watcher started
2026-06-07 07:44:13,836 INFO engine.events: REDIS_URL not set; using NullEventBus (events are no-op)
2026-06-07 07:44:13,836 INFO engine.workspace.watcher: Initializing polling watcher...
2026-06-07 07:44:13,841 INFO engine.workspace.watcher: Watching directory: C:\Users\chodk\openscad-engineering-platform\workspace\uploads
2026-06-07 07:44:13,843 INFO engine.workspace.watcher: Polling watcher started
2026-06-07 07:46:03,713 INFO engine.events: REDIS_URL not set; using NullEventBus (events are no-op)
2026-06-07 07:46:03,714 INFO engine.workspace.watcher: Initializing polling watcher...
2026-06-07 07:46:03,715 INFO engine.workspace.watcher: Watching directory: C:\Users\chodk\openscad-engineering-platform\workspace\uploads
2026-06-07 07:46:03,716 INFO engine.workspace.watcher: Polling watcher started
2026-06-07 07:46:26,285 INFO engine.events: REDIS_URL not set; using NullEventBus (events are no-op)
2026-06-07 07:46:26,287 INFO engine.workspace.watcher: Initializing polling watcher...
2026-06-07 07:46:26,287 INFO engine.workspace.watcher: Watching directory: C:\Users\chodk\openscad-engineering-platform\workspace\uploads
2026-06-07 07:46:26,287 INFO engine.workspace.watcher: Polling watcher started
2026-06-07 07:58:23,495 INFO engine.workspace.watcher: Stopping watcher
2026-06-07 07:58:26,913 INFO engine.events: REDIS_URL not set; using NullEventBus (events are no-op)
2026-06-07 07:58:26,913 INFO engine.workspace.watcher: Initializing polling watcher...
2026-06-07 07:58:26,913 INFO engine.workspace.watcher: Watching directory: C:\Users\chodk\openscad-engineering-platform\workspace\uploads
2026-06-07 07:58:26,913 INFO engine.workspace.watcher: Polling watcher started
2026-06-07 07:58:52,088 INFO engine.workspace.watcher: File created: workspace\uploads\machine_config.yaml
2026-06-07 07:58:52,088 INFO engine.workspace.ingestion: Ingesting file: workspace\uploads\machine_config.yaml
2026-06-07 07:58:52,088 INFO engine.importers.yaml_importer: Loading YAML: workspace\uploads\machine_config.yaml
2026-06-07 07:58:52,108 INFO engine.importers.yaml_importer: Parsed YAML: {'name': 'hemp_decorticator_v1', 'roller': {'length': 150, 'radius': 50}, 'hopper': {'capacity': 200}, 'frame': {'material': 'structural_steel'}}
2026-06-07 07:58:52,108 INFO engine.importers.yaml_importer: Normalized machine 'hemp_decorticator_v1' (subsystems: ['frame', 'hopper', 'roller'])
2026-06-07 07:58:52,109 ERROR engine.workspace.ingestion: Failed ingesting: workspace\uploads\machine_config.yaml
Traceback (most recent call last):
  File "C:\Users\chodk\openscad-engineering-platform\app\workspace\ingestion.py", line 88, in ingest_file
    import_yaml(file_path)
  File "C:\Users\chodk\openscad-engineering-platform\app\importers\yaml_importer.py", line 91, in import_yaml
    result = agent.run_machine_job(machine)
             ^^^^^^^^^^^^^^^^^^^^^^^^^^^^^^
TypeError: EngineeringOrchestrator.run_machine_job() missing 1 required positional argument: 'config'
2026-06-07 08:00:53,592 INFO engine.workspace.watcher: Stopping watcher
2026-06-07 08:01:15,512 INFO engine.events: REDIS_URL not set; using NullEventBus (events are no-op)
2026-06-07 08:01:15,512 INFO engine.workspace.watcher: Initializing polling watcher...
2026-06-07 08:01:15,512 INFO engine.workspace.watcher: Watching directory: C:\Users\chodk\openscad-engineering-platform\workspace\uploads
2026-06-07 08:01:15,512 INFO engine.workspace.watcher: Polling watcher started
2026-06-07 08:01:28,596 INFO engine.workspace.watcher: File created: workspace\uploads\machine_config.yaml
2026-06-07 08:01:28,596 INFO engine.workspace.ingestion: Ingesting file: workspace\uploads\machine_config.yaml
2026-06-07 08:01:28,596 INFO engine.importers.yaml_importer: Loading YAML: workspace\uploads\machine_config.yaml
2026-06-07 08:01:28,596 INFO engine.importers.yaml_importer: Parsed YAML: {'name': 'hemp_decorticator_v1', 'roller': {'length': 150, 'radius': 50}, 'hopper': {'capacity': 200}, 'frame': {'material': 'structural_steel'}}
2026-06-07 08:01:28,596 INFO engine.importers.yaml_importer: Normalized machine 'hemp_decorticator_v1' (subsystems: ['frame', 'hopper', 'roller'])
2026-06-07 08:01:28,596 INFO engine.orchestrator: Running container compilation pipeline for hemp_decorticator_v1 [rev_4ee67909]
2026-06-07 08:01:29,657 INFO engine.revisions: Saved manifest record to: outputs/revisions\hemp_decorticator_v1\rev_4ee67909\manifest.json
2026-06-07 08:01:29,666 INFO engine.promotion: Atomically promoted hemp_decorticator_v1 champion pointer to rev_4ee67909 with score 0.925.
2026-06-07 08:01:29,676 INFO engine.lineage: Evolutionary path logged securely inside structural database registry: outputs/revisions/lineage_history.json
2026-06-07 08:01:29,732 INFO engine.importers.yaml_importer: Build result: {'revision_id': 'rev_4ee67909', 'directory': 'outputs\\revisions\\hemp_decorticator_v1\\rev_4ee67909', 'score': 0.925, 'evaluation': {'composite': 0.925, 'needs_improvement': False, 'metrics': {'structural_validity': {'score': 1.0, 'issues': []}, 'manufacturability': {'score': 1.0, 'issues': []}, 'material_efficiency': {'score': 0.5, 'issues': ['No BOM mass to evaluate']}, 'performance_heuristics': {'score': 1.0, 'issues': []}, 'failure_risk': {'score': 1.0, 'issues': []}, 'constraint_compliance': {'score': 1.0, 'issues': []}}, 'all_issues': ['No BOM mass to evaluate']}, 'promoted': True, 'parent_info': None}
2026-06-07 08:01:29,734 INFO engine.workspace.ingestion: Moved to processing: machine_config.yaml
2026-06-07 09:39:11,322 INFO engine.workspace.watcher: File created: workspace\uploads\test_template.scad
2026-06-07 09:39:11,333 INFO engine.workspace.ingestion: Ingesting file: workspace\uploads\test_template.scad
2026-06-07 09:39:11,364 WARNING engine.workspace.ingestion: Unsupported file type .scad (supported: ['.yaml', '.yml']); quarantining test_template.scad
2026-06-07 10:31:21,138 INFO engine.workspace.watcher: Stopping watcher
